<?xml version="1.0" encoding="UTF-8"?>
<testng-results ignored="0" total="52" passed="50" failed="2" skipped="0">
  <reporter-output>
  </reporter-output>
  <suite started-at="2023-03-23T11:18:21 IST" name="BritishPetCare" finished-at="2023-03-23T11:24:39 IST" duration-ms="377777">
    <groups>
    </groups>
    <test started-at="2023-03-23T11:18:21 IST" name="Edge Test" finished-at="2023-03-23T11:21:33 IST" duration-ms="191474">
      <class name="testCases.Tc001_Login_Verify">
        <test-method is-config="true" signature="setUp(java.lang.String)[pri:0, instance:testCases.Tc001_Login_Verify@68267da0]" started-at="2023-03-23T11:18:22 IST" name="setUp" finished-at="2023-03-23T11:18:34 IST" duration-ms="12370" status="PASS">
          <params>
            <param index="0">
              <value>
                <![CDATA[edge]]>
              </value>
            </param>
          </params>
          <reporter-output>
          </reporter-output>
        </test-method> <!-- setUp -->
        <test-method signature="verifyLogin()[pri:0, instance:testCases.Tc001_Login_Verify@68267da0]" started-at="2023-03-23T11:18:34 IST" name="verifyLogin" finished-at="2023-03-23T11:18:37 IST" duration-ms="3201" status="PASS">
          <reporter-output>
          </reporter-output>
        </test-method> <!-- verifyLogin -->
        <test-method signature="verifyRole()[pri:1, instance:testCases.Tc001_Login_Verify@68267da0]" started-at="2023-03-23T11:18:37 IST" name="verifyRole" finished-at="2023-03-23T11:18:37 IST" duration-ms="29" status="PASS">
          <reporter-output>
          </reporter-output>
        </test-method> <!-- verifyRole -->
        <test-method signature="verifyItemsOnDashboard()[pri:3, instance:testCases.Tc001_Login_Verify@68267da0]" started-at="2023-03-23T11:18:37 IST" name="verifyItemsOnDashboard" finished-at="2023-03-23T11:18:38 IST" duration-ms="323" status="PASS">
          <reporter-output>
          </reporter-output>
        </test-method> <!-- verifyItemsOnDashboard -->
        <test-method signature="verifyGraphMessages()[pri:4, instance:testCases.Tc001_Login_Verify@68267da0]" started-at="2023-03-23T11:18:38 IST" name="verifyGraphMessages" finished-at="2023-03-23T11:18:38 IST" duration-ms="161" status="PASS">
          <reporter-output>
          </reporter-output>
        </test-method> <!-- verifyGraphMessages -->
        <test-method signature="verifyClientManagePage()[pri:5, instance:testCases.Tc001_Login_Verify@68267da0]" started-at="2023-03-23T11:18:38 IST" name="verifyClientManagePage" finished-at="2023-03-23T11:18:40 IST" duration-ms="2231" status="PASS">
          <reporter-output>
          </reporter-output>
        </test-method> <!-- verifyClientManagePage -->
        <test-method signature="verifyQuoteManagePage()[pri:6, instance:testCases.Tc001_Login_Verify@68267da0]" started-at="2023-03-23T11:18:40 IST" name="verifyQuoteManagePage" finished-at="2023-03-23T11:18:44 IST" duration-ms="4024" status="PASS">
          <reporter-output>
          </reporter-output>
        </test-method> <!-- verifyQuoteManagePage -->
        <test-method signature="verifyDateFormatOnQuotePage()[pri:7, instance:testCases.Tc001_Login_Verify@68267da0]" started-at="2023-03-23T11:18:44 IST" name="verifyDateFormatOnQuotePage" finished-at="2023-03-23T11:18:46 IST" duration-ms="1249" status="PASS">
          <reporter-output>
          </reporter-output>
        </test-method> <!-- verifyDateFormatOnQuotePage -->
        <test-method signature="verifyAddQuotePageLaunch()[pri:8, instance:testCases.Tc001_Login_Verify@68267da0]" started-at="2023-03-23T11:18:46 IST" name="verifyAddQuotePageLaunch" finished-at="2023-03-23T11:18:48 IST" duration-ms="2115" status="PASS">
          <reporter-output>
          </reporter-output>
        </test-method> <!-- verifyAddQuotePageLaunch -->
        <test-method signature="verifyProductListOnAddQuotePage()[pri:8, instance:testCases.Tc001_Login_Verify@68267da0]" started-at="2023-03-23T11:18:48 IST" name="verifyProductListOnAddQuotePage" finished-at="2023-03-23T11:18:54 IST" duration-ms="5770" status="PASS">
          <reporter-output>
          </reporter-output>
        </test-method> <!-- verifyProductListOnAddQuotePage -->
        <test-method signature="verifyPolicyPage()[pri:9, instance:testCases.Tc001_Login_Verify@68267da0]" started-at="2023-03-23T11:18:54 IST" name="verifyPolicyPage" finished-at="2023-03-23T11:19:01 IST" duration-ms="7191" status="PASS">
          <reporter-output>
          </reporter-output>
        </test-method> <!-- verifyPolicyPage -->
        <test-method signature="verifyPolicyPageDateFormat()[pri:10, instance:testCases.Tc001_Login_Verify@68267da0]" started-at="2023-03-23T11:19:01 IST" name="verifyPolicyPageDateFormat" finished-at="2023-03-23T11:19:06 IST" duration-ms="5287" status="PASS">
          <reporter-output>
          </reporter-output>
        </test-method> <!-- verifyPolicyPageDateFormat -->
        <test-method signature="verifyPolicyInformationPageLaunch()[pri:11, instance:testCases.Tc001_Login_Verify@68267da0]" started-at="2023-03-23T11:19:06 IST" name="verifyPolicyInformationPageLaunch" finished-at="2023-03-23T11:19:27 IST" duration-ms="21199" status="FAIL">
          <exception class="org.openqa.selenium.ElementClickInterceptedException">
            <message>
              <![CDATA[element click intercepted: Element <td class="" role="gridcell">...</td> is not clickable at point (191, 688). Other element would receive the click: <div id="gridName" name="gridName" data-role="grid" class="k-grid k-widget k-display-block">...</div>
  (Session info: MicrosoftEdge=111.0.1661.51)
Build info: version: '4.8.0', revision: '267030adea'
System info: os.name: 'Windows 11', os.arch: 'amd64', os.version: '10.0', java.version: '17.0.6'
Driver info: org.openqa.selenium.edge.EdgeDriver
Command: [ec27626e8c24ce9ebdc06ff729023f9e, clickElement {id=18ca5807-4957-4d71-a1e9-57f64503fc5c}]
Capabilities {acceptInsecureCerts: false, browserName: msedge, browserVersion: 111.0.1661.51, ms:edgeOptions: {debuggerAddress: localhost:52200}, msedge: {msedgedriverVersion: 111.0.1661.44 (fc2a57ec5a41..., userDataDir: C:\Users\prowe\AppData\Loca...}, networkConnectionEnabled: false, pageLoadStrategy: normal, platformName: WINDOWS, proxy: Proxy(), se:cdp: ws://localhost:52200/devtoo..., se:cdpVersion: 111.0.1661.51, setWindowRect: true, strictFileInteractability: false, timeouts: {implicit: 0, pageLoad: 300000, script: 30000}, unhandledPromptBehavior: dismiss and notify, webauthn:extension:credBlob: true, webauthn:extension:largeBlob: true, webauthn:extension:minPinLength: true, webauthn:extension:prf: true, webauthn:virtualAuthenticators: true}
Element: [[EdgeDriver: msedge on WINDOWS (ec27626e8c24ce9ebdc06ff729023f9e)] -> xpath: //div[@id='gridName']/table/tbody[1]/tr/td[3]]
Session ID: ec27626e8c24ce9ebdc06ff729023f9e]]>
            </message>
            <full-stacktrace>
              <![CDATA[org.openqa.selenium.ElementClickInterceptedException: element click intercepted: Element <td class="" role="gridcell">...</td> is not clickable at point (191, 688). Other element would receive the click: <div id="gridName" name="gridName" data-role="grid" class="k-grid k-widget k-display-block">...</div>
  (Session info: MicrosoftEdge=111.0.1661.51)
Build info: version: '4.8.0', revision: '267030adea'
System info: os.name: 'Windows 11', os.arch: 'amd64', os.version: '10.0', java.version: '17.0.6'
Driver info: org.openqa.selenium.edge.EdgeDriver
Command: [ec27626e8c24ce9ebdc06ff729023f9e, clickElement {id=18ca5807-4957-4d71-a1e9-57f64503fc5c}]
Capabilities {acceptInsecureCerts: false, browserName: msedge, browserVersion: 111.0.1661.51, ms:edgeOptions: {debuggerAddress: localhost:52200}, msedge: {msedgedriverVersion: 111.0.1661.44 (fc2a57ec5a41..., userDataDir: C:\Users\prowe\AppData\Loca...}, networkConnectionEnabled: false, pageLoadStrategy: normal, platformName: WINDOWS, proxy: Proxy(), se:cdp: ws://localhost:52200/devtoo..., se:cdpVersion: 111.0.1661.51, setWindowRect: true, strictFileInteractability: false, timeouts: {implicit: 0, pageLoad: 300000, script: 30000}, unhandledPromptBehavior: dismiss and notify, webauthn:extension:credBlob: true, webauthn:extension:largeBlob: true, webauthn:extension:minPinLength: true, webauthn:extension:prf: true, webauthn:virtualAuthenticators: true}
Element: [[EdgeDriver: msedge on WINDOWS (ec27626e8c24ce9ebdc06ff729023f9e)] -> xpath: //div[@id='gridName']/table/tbody[1]/tr/td[3]]
Session ID: ec27626e8c24ce9ebdc06ff729023f9e
at java.base/jdk.internal.reflect.NativeConstructorAccessorImpl.newInstance0(Native Method)
at java.base/jdk.internal.reflect.NativeConstructorAccessorImpl.newInstance(NativeConstructorAccessorImpl.java:77)
at java.base/jdk.internal.reflect.DelegatingConstructorAccessorImpl.newInstance(DelegatingConstructorAccessorImpl.java:45)
at java.base/java.lang.reflect.Constructor.newInstanceWithCaller(Constructor.java:499)
at java.base/java.lang.reflect.Constructor.newInstance(Constructor.java:480)
at org.openqa.selenium.remote.codec.w3c.W3CHttpResponseCodec.createException(W3CHttpResponseCodec.java:200)
at org.openqa.selenium.remote.codec.w3c.W3CHttpResponseCodec.decode(W3CHttpResponseCodec.java:133)
at org.openqa.selenium.remote.codec.w3c.W3CHttpResponseCodec.decode(W3CHttpResponseCodec.java:53)
at org.openqa.selenium.remote.HttpCommandExecutor.execute(HttpCommandExecutor.java:184)
at org.openqa.selenium.remote.service.DriverCommandExecutor.invokeExecute(DriverCommandExecutor.java:167)
at org.openqa.selenium.remote.service.DriverCommandExecutor.execute(DriverCommandExecutor.java:142)
at org.openqa.selenium.remote.RemoteWebDriver.execute(RemoteWebDriver.java:543)
at org.openqa.selenium.remote.RemoteWebElement.execute(RemoteWebElement.java:257)
at org.openqa.selenium.remote.RemoteWebElement.click(RemoteWebElement.java:78)
at pageObjects.PolicyInformationPage.fetchData(PolicyInformationPage.java:55)
at testCases.Tc001_Login_Verify.verifyPolicyInformationPageLaunch(Tc001_Login_Verify.java:216)
at java.base/jdk.internal.reflect.NativeMethodAccessorImpl.invoke0(Native Method)
at java.base/jdk.internal.reflect.NativeMethodAccessorImpl.invoke(NativeMethodAccessorImpl.java:77)
at java.base/jdk.internal.reflect.DelegatingMethodAccessorImpl.invoke(DelegatingMethodAccessorImpl.java:43)
at java.base/java.lang.reflect.Method.invoke(Method.java:568)
at org.testng.internal.invokers.MethodInvocationHelper.invokeMethod(MethodInvocationHelper.java:139)
at org.testng.internal.invokers.TestInvoker.invokeMethod(TestInvoker.java:677)
at org.testng.internal.invokers.TestInvoker.invokeTestMethod(TestInvoker.java:221)
at org.testng.internal.invokers.MethodRunner.runInSequence(MethodRunner.java:50)
at org.testng.internal.invokers.TestInvoker$MethodInvocationAgent.invoke(TestInvoker.java:969)
at org.testng.internal.invokers.TestInvoker.invokeTestMethods(TestInvoker.java:194)
at org.testng.internal.invokers.TestMethodWorker.invokeTestMethods(TestMethodWorker.java:148)
at org.testng.internal.invokers.TestMethodWorker.run(TestMethodWorker.java:128)
at java.base/java.util.ArrayList.forEach(ArrayList.java:1511)
at org.testng.TestRunner.privateRun(TestRunner.java:829)
at org.testng.TestRunner.run(TestRunner.java:602)
at org.testng.SuiteRunner.runTest(SuiteRunner.java:437)
at org.testng.SuiteRunner.runSequentially(SuiteRunner.java:431)
at org.testng.SuiteRunner.privateRun(SuiteRunner.java:391)
at org.testng.SuiteRunner.run(SuiteRunner.java:330)
at org.testng.SuiteRunnerWorker.runSuite(SuiteRunnerWorker.java:52)
at org.testng.SuiteRunnerWorker.run(SuiteRunnerWorker.java:95)
at org.testng.TestNG.runSuitesSequentially(TestNG.java:1256)
at org.testng.TestNG.runSuitesLocally(TestNG.java:1176)
at org.testng.TestNG.runSuites(TestNG.java:1099)
at org.testng.TestNG.run(TestNG.java:1067)
at org.apache.maven.surefire.testng.TestNGExecutor.run(TestNGExecutor.java:308)
at org.apache.maven.surefire.testng.TestNGXmlTestSuite.execute(TestNGXmlTestSuite.java:71)
at org.apache.maven.surefire.testng.TestNGProvider.invoke(TestNGProvider.java:113)
at org.apache.maven.surefire.booter.ForkedBooter.runSuitesInProcess(ForkedBooter.java:385)
at org.apache.maven.surefire.booter.ForkedBooter.execute(ForkedBooter.java:162)
at org.apache.maven.surefire.booter.ForkedBooter.run(ForkedBooter.java:507)
at org.apache.maven.surefire.booter.ForkedBooter.main(ForkedBooter.java:495)
]]>
            </full-stacktrace>
          </exception> <!-- org.openqa.selenium.ElementClickInterceptedException -->
          <reporter-output>
          </reporter-output>
        </test-method> <!-- verifyPolicyInformationPageLaunch -->
        <test-method signature="verifyPolicySamplePageDownLoad()[pri:12, instance:testCases.Tc001_Login_Verify@68267da0]" started-at="2023-03-23T11:19:28 IST" name="verifyPolicySamplePageDownLoad" finished-at="2023-03-23T11:19:50 IST" duration-ms="22054" status="PASS">
          <reporter-output>
          </reporter-output>
        </test-method> <!-- verifyPolicySamplePageDownLoad -->
        <test-method signature="verifyManageClaimDateAndPondSymbol()[pri:13, instance:testCases.Tc001_Login_Verify@68267da0]" started-at="2023-03-23T11:19:50 IST" name="verifyManageClaimDateAndPondSymbol" finished-at="2023-03-23T11:20:01 IST" duration-ms="10989" status="PASS">
          <reporter-output>
          </reporter-output>
        </test-method> <!-- verifyManageClaimDateAndPondSymbol -->
        <test-method signature="verifyClaimPageInformation()[pri:14, instance:testCases.Tc001_Login_Verify@68267da0]" started-at="2023-03-23T11:20:01 IST" name="verifyClaimPageInformation" finished-at="2023-03-23T11:20:21 IST" duration-ms="20417" status="PASS">
          <reporter-output>
          </reporter-output>
        </test-method> <!-- verifyClaimPageInformation -->
        <test-method signature="verifyApprovalClaimDashBoardDetails()[pri:15, instance:testCases.Tc001_Login_Verify@68267da0]" started-at="2023-03-23T11:20:21 IST" name="verifyApprovalClaimDashBoardDetails" finished-at="2023-03-23T11:20:25 IST" duration-ms="3881" status="PASS">
          <reporter-output>
          </reporter-output>
        </test-method> <!-- verifyApprovalClaimDashBoardDetails -->
        <test-method signature="verifyManageTaskDashBoard()[pri:16, instance:testCases.Tc001_Login_Verify@68267da0]" started-at="2023-03-23T11:20:25 IST" name="verifyManageTaskDashBoard" finished-at="2023-03-23T11:20:28 IST" duration-ms="2731" status="PASS">
          <reporter-output>
          </reporter-output>
        </test-method> <!-- verifyManageTaskDashBoard -->
        <test-method signature="verifyAddTaskPageDetails()[pri:17, instance:testCases.Tc001_Login_Verify@68267da0]" started-at="2023-03-23T11:20:28 IST" name="verifyAddTaskPageDetails" finished-at="2023-03-23T11:20:35 IST" duration-ms="7392" status="PASS">
          <reporter-output>
          </reporter-output>
        </test-method> <!-- verifyAddTaskPageDetails -->
        <test-method signature="verifyQuotePageData()[pri:18, instance:testCases.Tc001_Login_Verify@68267da0]" started-at="2023-03-23T11:20:36 IST" name="verifyQuotePageData" finished-at="2023-03-23T11:20:49 IST" duration-ms="13125" status="PASS">
          <reporter-output>
          </reporter-output>
        </test-method> <!-- verifyQuotePageData -->
        <test-method signature="verifyMicroChipPageData()[pri:19, instance:testCases.Tc001_Login_Verify@68267da0]" started-at="2023-03-23T11:20:49 IST" name="verifyMicroChipPageData" finished-at="2023-03-23T11:20:52 IST" duration-ms="3103" status="PASS">
          <reporter-output>
          </reporter-output>
        </test-method> <!-- verifyMicroChipPageData -->
        <test-method signature="verifyQuotePagePremiumPoundSign()[pri:20, instance:testCases.Tc001_Login_Verify@68267da0]" started-at="2023-03-23T11:20:52 IST" name="verifyQuotePagePremiumPoundSign" finished-at="2023-03-23T11:21:02 IST" duration-ms="9902" status="PASS">
          <reporter-output>
          </reporter-output>
        </test-method> <!-- verifyQuotePagePremiumPoundSign -->
        <test-method signature="verifyLetterTemplatePage()[pri:21, instance:testCases.Tc001_Login_Verify@68267da0]" started-at="2023-03-23T11:21:02 IST" name="verifyLetterTemplatePage" finished-at="2023-03-23T11:21:06 IST" duration-ms="4599" status="PASS">
          <reporter-output>
          </reporter-output>
        </test-method> <!-- verifyLetterTemplatePage -->
        <test-method signature="verifyLetterTemplatePageEditFun()[pri:22, instance:testCases.Tc001_Login_Verify@68267da0]" started-at="2023-03-23T11:21:07 IST" name="verifyLetterTemplatePageEditFun" finished-at="2023-03-23T11:21:15 IST" duration-ms="8170" status="PASS">
          <reporter-output>
          </reporter-output>
        </test-method> <!-- verifyLetterTemplatePageEditFun -->
        <test-method signature="verifyAccountPageIcon()[pri:23, instance:testCases.Tc001_Login_Verify@68267da0]" started-at="2023-03-23T11:21:15 IST" name="verifyAccountPageIcon" finished-at="2023-03-23T11:21:18 IST" duration-ms="3047" status="PASS">
          <reporter-output>
          </reporter-output>
        </test-method> <!-- verifyAccountPageIcon -->
        <test-method signature="verifyAddClaimPageDropDown()[pri:24, instance:testCases.Tc001_Login_Verify@68267da0]" started-at="2023-03-23T11:21:18 IST" name="verifyAddClaimPageDropDown" finished-at="2023-03-23T11:21:28 IST" duration-ms="10061" status="PASS">
          <reporter-output>
          </reporter-output>
        </test-method> <!-- verifyAddClaimPageDropDown -->
        <test-method signature="verifyLogOut()[pri:26, instance:testCases.Tc001_Login_Verify@68267da0]" started-at="2023-03-23T11:21:28 IST" name="verifyLogOut" finished-at="2023-03-23T11:21:32 IST" duration-ms="4384" status="PASS">
          <reporter-output>
          </reporter-output>
        </test-method> <!-- verifyLogOut -->
        <test-method is-config="true" signature="tearDown()[pri:0, instance:testCases.Tc001_Login_Verify@68267da0]" started-at="2023-03-23T11:21:33 IST" name="tearDown" finished-at="2023-03-23T11:21:33 IST" duration-ms="267" status="PASS">
          <reporter-output>
          </reporter-output>
        </test-method> <!-- tearDown -->
      </class> <!-- testCases.Tc001_Login_Verify -->
    </test> <!-- Edge Test -->
    <test started-at="2023-03-23T11:21:33 IST" name="Chrome Test" finished-at="2023-03-23T11:24:39 IST" duration-ms="186001">
      <class name="testCases.Tc001_Login_Verify">
        <test-method is-config="true" signature="setUp(java.lang.String)[pri:0, instance:testCases.Tc001_Login_Verify@87a85e1]" started-at="2023-03-23T11:21:33 IST" name="setUp" finished-at="2023-03-23T11:21:43 IST" duration-ms="9929" status="PASS">
          <params>
            <param index="0">
              <value>
                <![CDATA[chrome]]>
              </value>
            </param>
          </params>
          <reporter-output>
          </reporter-output>
        </test-method> <!-- setUp -->
        <test-method signature="verifyLogin()[pri:0, instance:testCases.Tc001_Login_Verify@87a85e1]" started-at="2023-03-23T11:21:43 IST" name="verifyLogin" finished-at="2023-03-23T11:21:46 IST" duration-ms="2887" status="PASS">
          <reporter-output>
          </reporter-output>
        </test-method> <!-- verifyLogin -->
        <test-method signature="verifyRole()[pri:1, instance:testCases.Tc001_Login_Verify@87a85e1]" started-at="2023-03-23T11:21:46 IST" name="verifyRole" finished-at="2023-03-23T11:21:46 IST" duration-ms="22" status="PASS">
          <reporter-output>
          </reporter-output>
        </test-method> <!-- verifyRole -->
        <test-method signature="verifyItemsOnDashboard()[pri:3, instance:testCases.Tc001_Login_Verify@87a85e1]" started-at="2023-03-23T11:21:46 IST" name="verifyItemsOnDashboard" finished-at="2023-03-23T11:21:46 IST" duration-ms="258" status="PASS">
          <reporter-output>
          </reporter-output>
        </test-method> <!-- verifyItemsOnDashboard -->
        <test-method signature="verifyGraphMessages()[pri:4, instance:testCases.Tc001_Login_Verify@87a85e1]" started-at="2023-03-23T11:21:46 IST" name="verifyGraphMessages" finished-at="2023-03-23T11:21:47 IST" duration-ms="146" status="PASS">
          <reporter-output>
          </reporter-output>
        </test-method> <!-- verifyGraphMessages -->
        <test-method signature="verifyClientManagePage()[pri:5, instance:testCases.Tc001_Login_Verify@87a85e1]" started-at="2023-03-23T11:21:47 IST" name="verifyClientManagePage" finished-at="2023-03-23T11:21:49 IST" duration-ms="2147" status="PASS">
          <reporter-output>
          </reporter-output>
        </test-method> <!-- verifyClientManagePage -->
        <test-method signature="verifyQuoteManagePage()[pri:6, instance:testCases.Tc001_Login_Verify@87a85e1]" started-at="2023-03-23T11:21:49 IST" name="verifyQuoteManagePage" finished-at="2023-03-23T11:21:53 IST" duration-ms="4033" status="PASS">
          <reporter-output>
          </reporter-output>
        </test-method> <!-- verifyQuoteManagePage -->
        <test-method signature="verifyDateFormatOnQuotePage()[pri:7, instance:testCases.Tc001_Login_Verify@87a85e1]" started-at="2023-03-23T11:21:53 IST" name="verifyDateFormatOnQuotePage" finished-at="2023-03-23T11:21:54 IST" duration-ms="1309" status="PASS">
          <reporter-output>
          </reporter-output>
        </test-method> <!-- verifyDateFormatOnQuotePage -->
        <test-method signature="verifyAddQuotePageLaunch()[pri:8, instance:testCases.Tc001_Login_Verify@87a85e1]" started-at="2023-03-23T11:21:54 IST" name="verifyAddQuotePageLaunch" finished-at="2023-03-23T11:21:56 IST" duration-ms="1911" status="PASS">
          <reporter-output>
          </reporter-output>
        </test-method> <!-- verifyAddQuotePageLaunch -->
        <test-method signature="verifyProductListOnAddQuotePage()[pri:8, instance:testCases.Tc001_Login_Verify@87a85e1]" started-at="2023-03-23T11:21:56 IST" name="verifyProductListOnAddQuotePage" finished-at="2023-03-23T11:22:02 IST" duration-ms="5847" status="PASS">
          <reporter-output>
          </reporter-output>
        </test-method> <!-- verifyProductListOnAddQuotePage -->
        <test-method signature="verifyPolicyPage()[pri:9, instance:testCases.Tc001_Login_Verify@87a85e1]" started-at="2023-03-23T11:22:02 IST" name="verifyPolicyPage" finished-at="2023-03-23T11:22:10 IST" duration-ms="7548" status="PASS">
          <reporter-output>
          </reporter-output>
        </test-method> <!-- verifyPolicyPage -->
        <test-method signature="verifyPolicyPageDateFormat()[pri:10, instance:testCases.Tc001_Login_Verify@87a85e1]" started-at="2023-03-23T11:22:10 IST" name="verifyPolicyPageDateFormat" finished-at="2023-03-23T11:22:15 IST" duration-ms="5243" status="PASS">
          <reporter-output>
          </reporter-output>
        </test-method> <!-- verifyPolicyPageDateFormat -->
        <test-method signature="verifyPolicyInformationPageLaunch()[pri:11, instance:testCases.Tc001_Login_Verify@87a85e1]" started-at="2023-03-23T11:22:15 IST" name="verifyPolicyInformationPageLaunch" finished-at="2023-03-23T11:22:37 IST" duration-ms="21505" status="FAIL">
          <exception class="org.openqa.selenium.ElementClickInterceptedException">
            <message>
              <![CDATA[element click intercepted: Element <td class="" role="gridcell">...</td> is not clickable at point (191, 687). Other element would receive the click: <div id="gridName" name="gridName" data-role="grid" class="k-grid k-widget k-display-block">...</div>
  (Session info: chrome=111.0.5563.66)
Build info: version: '4.8.0', revision: '267030adea'
System info: os.name: 'Windows 11', os.arch: 'amd64', os.version: '10.0', java.version: '17.0.6'
Driver info: org.openqa.selenium.chrome.ChromeDriver
Command: [79345c0d04366e24b2fd79d5a8982972, clickElement {id=534d85c7-e91b-4def-a2de-2aaea6ec2663}]
Capabilities {acceptInsecureCerts: false, browserName: chrome, browserVersion: 111.0.5563.66, chrome: {chromedriverVersion: 111.0.5563.64 (c710e93d5b63..., userDataDir: C:\Users\prowe\AppData\Loca...}, goog:chromeOptions: {debuggerAddress: localhost:52308}, networkConnectionEnabled: false, pageLoadStrategy: normal, platformName: WINDOWS, proxy: Proxy(), se:cdp: ws://localhost:52308/devtoo..., se:cdpVersion: 111.0.5563.66, setWindowRect: true, strictFileInteractability: false, timeouts: {implicit: 0, pageLoad: 300000, script: 30000}, unhandledPromptBehavior: dismiss and notify, webauthn:extension:credBlob: true, webauthn:extension:largeBlob: true, webauthn:extension:minPinLength: true, webauthn:extension:prf: true, webauthn:virtualAuthenticators: true}
Element: [[ChromeDriver: chrome on WINDOWS (79345c0d04366e24b2fd79d5a8982972)] -> xpath: //div[@id='gridName']/table/tbody[1]/tr/td[3]]
Session ID: 79345c0d04366e24b2fd79d5a8982972]]>
            </message>
            <full-stacktrace>
              <![CDATA[org.openqa.selenium.ElementClickInterceptedException: element click intercepted: Element <td class="" role="gridcell">...</td> is not clickable at point (191, 687). Other element would receive the click: <div id="gridName" name="gridName" data-role="grid" class="k-grid k-widget k-display-block">...</div>
  (Session info: chrome=111.0.5563.66)
Build info: version: '4.8.0', revision: '267030adea'
System info: os.name: 'Windows 11', os.arch: 'amd64', os.version: '10.0', java.version: '17.0.6'
Driver info: org.openqa.selenium.chrome.ChromeDriver
Command: [79345c0d04366e24b2fd79d5a8982972, clickElement {id=534d85c7-e91b-4def-a2de-2aaea6ec2663}]
Capabilities {acceptInsecureCerts: false, browserName: chrome, browserVersion: 111.0.5563.66, chrome: {chromedriverVersion: 111.0.5563.64 (c710e93d5b63..., userDataDir: C:\Users\prowe\AppData\Loca...}, goog:chromeOptions: {debuggerAddress: localhost:52308}, networkConnectionEnabled: false, pageLoadStrategy: normal, platformName: WINDOWS, proxy: Proxy(), se:cdp: ws://localhost:52308/devtoo..., se:cdpVersion: 111.0.5563.66, setWindowRect: true, strictFileInteractability: false, timeouts: {implicit: 0, pageLoad: 300000, script: 30000}, unhandledPromptBehavior: dismiss and notify, webauthn:extension:credBlob: true, webauthn:extension:largeBlob: true, webauthn:extension:minPinLength: true, webauthn:extension:prf: true, webauthn:virtualAuthenticators: true}
Element: [[ChromeDriver: chrome on WINDOWS (79345c0d04366e24b2fd79d5a8982972)] -> xpath: //div[@id='gridName']/table/tbody[1]/tr/td[3]]
Session ID: 79345c0d04366e24b2fd79d5a8982972
at java.base/jdk.internal.reflect.NativeConstructorAccessorImpl.newInstance0(Native Method)
at java.base/jdk.internal.reflect.NativeConstructorAccessorImpl.newInstance(NativeConstructorAccessorImpl.java:77)
at java.base/jdk.internal.reflect.DelegatingConstructorAccessorImpl.newInstance(DelegatingConstructorAccessorImpl.java:45)
at java.base/java.lang.reflect.Constructor.newInstanceWithCaller(Constructor.java:499)
at java.base/java.lang.reflect.Constructor.newInstance(Constructor.java:480)
at org.openqa.selenium.remote.codec.w3c.W3CHttpResponseCodec.createException(W3CHttpResponseCodec.java:200)
at org.openqa.selenium.remote.codec.w3c.W3CHttpResponseCodec.decode(W3CHttpResponseCodec.java:133)
at org.openqa.selenium.remote.codec.w3c.W3CHttpResponseCodec.decode(W3CHttpResponseCodec.java:53)
at org.openqa.selenium.remote.HttpCommandExecutor.execute(HttpCommandExecutor.java:184)
at org.openqa.selenium.remote.service.DriverCommandExecutor.invokeExecute(DriverCommandExecutor.java:167)
at org.openqa.selenium.remote.service.DriverCommandExecutor.execute(DriverCommandExecutor.java:142)
at org.openqa.selenium.remote.RemoteWebDriver.execute(RemoteWebDriver.java:543)
at org.openqa.selenium.remote.RemoteWebElement.execute(RemoteWebElement.java:257)
at org.openqa.selenium.remote.RemoteWebElement.click(RemoteWebElement.java:78)
at pageObjects.PolicyInformationPage.fetchData(PolicyInformationPage.java:55)
at testCases.Tc001_Login_Verify.verifyPolicyInformationPageLaunch(Tc001_Login_Verify.java:216)
at java.base/jdk.internal.reflect.NativeMethodAccessorImpl.invoke0(Native Method)
at java.base/jdk.internal.reflect.NativeMethodAccessorImpl.invoke(NativeMethodAccessorImpl.java:77)
at java.base/jdk.internal.reflect.DelegatingMethodAccessorImpl.invoke(DelegatingMethodAccessorImpl.java:43)
at java.base/java.lang.reflect.Method.invoke(Method.java:568)
at org.testng.internal.invokers.MethodInvocationHelper.invokeMethod(MethodInvocationHelper.java:139)
at org.testng.internal.invokers.TestInvoker.invokeMethod(TestInvoker.java:677)
at org.testng.internal.invokers.TestInvoker.invokeTestMethod(TestInvoker.java:221)
at org.testng.internal.invokers.MethodRunner.runInSequence(MethodRunner.java:50)
at org.testng.internal.invokers.TestInvoker$MethodInvocationAgent.invoke(TestInvoker.java:969)
at org.testng.internal.invokers.TestInvoker.invokeTestMethods(TestInvoker.java:194)
at org.testng.internal.invokers.TestMethodWorker.invokeTestMethods(TestMethodWorker.java:148)
at org.testng.internal.invokers.TestMethodWorker.run(TestMethodWorker.java:128)
at java.base/java.util.ArrayList.forEach(ArrayList.java:1511)
at org.testng.TestRunner.privateRun(TestRunner.java:829)
at org.testng.TestRunner.run(TestRunner.java:602)
at org.testng.SuiteRunner.runTest(SuiteRunner.java:437)
at org.testng.SuiteRunner.runSequentially(SuiteRunner.java:431)
at org.testng.SuiteRunner.privateRun(SuiteRunner.java:391)
at org.testng.SuiteRunner.run(SuiteRunner.java:330)
at org.testng.SuiteRunnerWorker.runSuite(SuiteRunnerWorker.java:52)
at org.testng.SuiteRunnerWorker.run(SuiteRunnerWorker.java:95)
at org.testng.TestNG.runSuitesSequentially(TestNG.java:1256)
at org.testng.TestNG.runSuitesLocally(TestNG.java:1176)
at org.testng.TestNG.runSuites(TestNG.java:1099)
at org.testng.TestNG.run(TestNG.java:1067)
at org.apache.maven.surefire.testng.TestNGExecutor.run(TestNGExecutor.java:308)
at org.apache.maven.surefire.testng.TestNGXmlTestSuite.execute(TestNGXmlTestSuite.java:71)
at org.apache.maven.surefire.testng.TestNGProvider.invoke(TestNGProvider.java:113)
at org.apache.maven.surefire.booter.ForkedBooter.runSuitesInProcess(ForkedBooter.java:385)
at org.apache.maven.surefire.booter.ForkedBooter.execute(ForkedBooter.java:162)
at org.apache.maven.surefire.booter.ForkedBooter.run(ForkedBooter.java:507)
at org.apache.maven.surefire.booter.ForkedBooter.main(ForkedBooter.java:495)
]]>
            </full-stacktrace>
          </exception> <!-- org.openqa.selenium.ElementClickInterceptedException -->
          <reporter-output>
          </reporter-output>
        </test-method> <!-- verifyPolicyInformationPageLaunch -->
        <test-method signature="verifyPolicySamplePageDownLoad()[pri:12, instance:testCases.Tc001_Login_Verify@87a85e1]" started-at="2023-03-23T11:22:37 IST" name="verifyPolicySamplePageDownLoad" finished-at="2023-03-23T11:22:59 IST" duration-ms="21953" status="PASS">
          <reporter-output>
          </reporter-output>
        </test-method> <!-- verifyPolicySamplePageDownLoad -->
        <test-method signature="verifyManageClaimDateAndPondSymbol()[pri:13, instance:testCases.Tc001_Login_Verify@87a85e1]" started-at="2023-03-23T11:22:59 IST" name="verifyManageClaimDateAndPondSymbol" finished-at="2023-03-23T11:23:10 IST" duration-ms="10961" status="PASS">
          <reporter-output>
          </reporter-output>
        </test-method> <!-- verifyManageClaimDateAndPondSymbol -->
        <test-method signature="verifyClaimPageInformation()[pri:14, instance:testCases.Tc001_Login_Verify@87a85e1]" started-at="2023-03-23T11:23:10 IST" name="verifyClaimPageInformation" finished-at="2023-03-23T11:23:30 IST" duration-ms="20337" status="PASS">
          <reporter-output>
          </reporter-output>
        </test-method> <!-- verifyClaimPageInformation -->
        <test-method signature="verifyApprovalClaimDashBoardDetails()[pri:15, instance:testCases.Tc001_Login_Verify@87a85e1]" started-at="2023-03-23T11:23:30 IST" name="verifyApprovalClaimDashBoardDetails" finished-at="2023-03-23T11:23:34 IST" duration-ms="3823" status="PASS">
          <reporter-output>
          </reporter-output>
        </test-method> <!-- verifyApprovalClaimDashBoardDetails -->
        <test-method signature="verifyManageTaskDashBoard()[pri:16, instance:testCases.Tc001_Login_Verify@87a85e1]" started-at="2023-03-23T11:23:34 IST" name="verifyManageTaskDashBoard" finished-at="2023-03-23T11:23:37 IST" duration-ms="2839" status="PASS">
          <reporter-output>
          </reporter-output>
        </test-method> <!-- verifyManageTaskDashBoard -->
        <test-method signature="verifyAddTaskPageDetails()[pri:17, instance:testCases.Tc001_Login_Verify@87a85e1]" started-at="2023-03-23T11:23:37 IST" name="verifyAddTaskPageDetails" finished-at="2023-03-23T11:23:44 IST" duration-ms="7006" status="PASS">
          <reporter-output>
          </reporter-output>
        </test-method> <!-- verifyAddTaskPageDetails -->
        <test-method signature="verifyQuotePageData()[pri:18, instance:testCases.Tc001_Login_Verify@87a85e1]" started-at="2023-03-23T11:23:44 IST" name="verifyQuotePageData" finished-at="2023-03-23T11:23:57 IST" duration-ms="12759" status="PASS">
          <reporter-output>
          </reporter-output>
        </test-method> <!-- verifyQuotePageData -->
        <test-method signature="verifyMicroChipPageData()[pri:19, instance:testCases.Tc001_Login_Verify@87a85e1]" started-at="2023-03-23T11:23:57 IST" name="verifyMicroChipPageData" finished-at="2023-03-23T11:24:00 IST" duration-ms="3114" status="PASS">
          <reporter-output>
          </reporter-output>
        </test-method> <!-- verifyMicroChipPageData -->
        <test-method signature="verifyQuotePagePremiumPoundSign()[pri:20, instance:testCases.Tc001_Login_Verify@87a85e1]" started-at="2023-03-23T11:24:00 IST" name="verifyQuotePagePremiumPoundSign" finished-at="2023-03-23T11:24:10 IST" duration-ms="9966" status="PASS">
          <reporter-output>
          </reporter-output>
        </test-method> <!-- verifyQuotePagePremiumPoundSign -->
        <test-method signature="verifyLetterTemplatePage()[pri:21, instance:testCases.Tc001_Login_Verify@87a85e1]" started-at="2023-03-23T11:24:10 IST" name="verifyLetterTemplatePage" finished-at="2023-03-23T11:24:15 IST" duration-ms="4565" status="PASS">
          <reporter-output>
          </reporter-output>
        </test-method> <!-- verifyLetterTemplatePage -->
        <test-method signature="verifyLetterTemplatePageEditFun()[pri:22, instance:testCases.Tc001_Login_Verify@87a85e1]" started-at="2023-03-23T11:24:15 IST" name="verifyLetterTemplatePageEditFun" finished-at="2023-03-23T11:24:23 IST" duration-ms="8070" status="PASS">
          <reporter-output>
          </reporter-output>
        </test-method> <!-- verifyLetterTemplatePageEditFun -->
        <test-method signature="verifyAccountPageIcon()[pri:23, instance:testCases.Tc001_Login_Verify@87a85e1]" started-at="2023-03-23T11:24:23 IST" name="verifyAccountPageIcon" finished-at="2023-03-23T11:24:26 IST" duration-ms="2946" status="PASS">
          <reporter-output>
          </reporter-output>
        </test-method> <!-- verifyAccountPageIcon -->
        <test-method signature="verifyAddClaimPageDropDown()[pri:24, instance:testCases.Tc001_Login_Verify@87a85e1]" started-at="2023-03-23T11:24:26 IST" name="verifyAddClaimPageDropDown" finished-at="2023-03-23T11:24:36 IST" duration-ms="9936" status="PASS">
          <reporter-output>
          </reporter-output>
        </test-method> <!-- verifyAddClaimPageDropDown -->
        <test-method signature="verifyLogOut()[pri:26, instance:testCases.Tc001_Login_Verify@87a85e1]" started-at="2023-03-23T11:24:36 IST" name="verifyLogOut" finished-at="2023-03-23T11:24:39 IST" duration-ms="2708" status="PASS">
          <reporter-output>
          </reporter-output>
        </test-method> <!-- verifyLogOut -->
        <test-method is-config="true" signature="tearDown()[pri:0, instance:testCases.Tc001_Login_Verify@87a85e1]" started-at="2023-03-23T11:24:39 IST" name="tearDown" finished-at="2023-03-23T11:24:39 IST" duration-ms="141" status="PASS">
          <reporter-output>
          </reporter-output>
        </test-method> <!-- tearDown -->
      </class> <!-- testCases.Tc001_Login_Verify -->
    </test> <!-- Chrome Test -->
  </suite> <!-- BritishPetCare -->
</testng-results>
