<html>
<head>
<title>TestNG:  Chrome Test</title>
<link href="../testng.css" rel="stylesheet" type="text/css" />
<link href="../my-testng.css" rel="stylesheet" type="text/css" />

<style type="text/css">
.log { display: none;} 
.stack-trace { display: none;} 
</style>
<script type="text/javascript">
<!--
function flip(e) {
  current = e.style.display;
  if (current == 'block') {
    e.style.display = 'none';
    return 0;
  }
  else {
    e.style.display = 'block';
    return 1;
  }
}

function toggleBox(szDivId, elem, msg1, msg2)
{
  var res = -1;  if (document.getElementById) {
    res = flip(document.getElementById(szDivId));
  }
  else if (document.all) {
    // this is the way old msie versions work
    res = flip(document.all[szDivId]);
  }
  if(elem) {
    if(res == 0) elem.innerHTML = msg1; else elem.innerHTML = msg2;
  }

}

function toggleAllBoxes() {
  if (document.getElementsByTagName) {
    d = document.getElementsByTagName('div');
    for (i = 0; i < d.length; i++) {
      if (d[i].className == 'log') {
        flip(d[i]);
      }
    }
  }
}

// -->
</script>

</head>
<body>
<h2 align='center'>Chrome Test</h2><table border='1' align="center">
<tr>
<td>Tests passed/Failed/Skipped:</td><td>25/1/0</td>
</tr><tr>
<td>Started on:</td><td>Thu Mar 23 11:21:33 IST 2023</td>
</tr>
<tr><td>Total time:</td><td>186 seconds (186001 ms)</td>
</tr><tr>
<td>Included groups:</td><td></td>
</tr><tr>
<td>Excluded groups:</td><td></td>
</tr>
</table><p/>
<small><i>(Hover the method name to see the test class name)</i></small><p/>
<table width='100%' border='1' class='invocation-failed'>
<tr><td colspan='4' align='center'><b>FAILED TESTS</b></td></tr>
<tr><td><b>Test method</b></td>
<td><b>Attribute(s)</b></td>
<td width="30%"><b>Exception</b></td>
<td width="10%"><b>Time (seconds)</b></td>
<td><b>Instance</b></td>
</tr>
<tr>
<td title='testCases.Tc001_Login_Verify.verifyPolicyInformationPageLaunch()'><b>verifyPolicyInformationPageLaunch</b><br>Test class: testCases.Tc001_Login_Verify</td>
<td><div><pre>org.openqa.selenium.ElementClickInterceptedException: element click intercepted: Element &lt;td class=&quot;&quot; role=&quot;gridcell&quot;&gt;...&lt;/td&gt; is not clickable at point (191, 687). Other element would receive the click: &lt;div id=&quot;gridName&quot; name=&quot;gridName&quot; data-role=&quot;grid&quot; class=&quot;k-grid k-widget k-display-block&quot;&gt;...&lt;/div&gt;
  (Session info: chrome=111.0.5563.66)
Build info: version: &apos;4.8.0&apos;, revision: &apos;267030adea&apos;
System info: os.name: &apos;Windows 11&apos;, os.arch: &apos;amd64&apos;, os.version: &apos;10.0&apos;, java.version: &apos;17.0.6&apos;
Driver info: org.openqa.selenium.chrome.ChromeDriver
Command: [79345c0d04366e24b2fd79d5a8982972, clickElement {id=534d85c7-e91b-4def-a2de-2aaea6ec2663}]
Capabilities {acceptInsecureCerts: false, browserName: chrome, browserVersion: 111.0.5563.66, chrome: {chromedriverVersion: 111.0.5563.64 (c710e93d5b63..., userDataDir: C:\Users\prowe\AppData\Loca...}, goog:chromeOptions: {debuggerAddress: localhost:52308}, networkConnectionEnabled: false, pageLoadStrategy: normal, platformName: WINDOWS, proxy: Proxy(), se:cdp: ws://localhost:52308/devtoo..., se:cdpVersion: 111.0.5563.66, setWindowRect: true, strictFileInteractability: false, timeouts: {implicit: 0, pageLoad: 300000, script: 30000}, unhandledPromptBehavior: dismiss and notify, webauthn:extension:credBlob: true, webauthn:extension:largeBlob: true, webauthn:extension:minPinLength: true, webauthn:extension:prf: true, webauthn:virtualAuthenticators: true}
Element: [[ChromeDriver: chrome on WINDOWS (79345c0d04366e24b2fd79d5a8982972)] -&gt; xpath: //div[@id=&apos;gridName&apos;]/table/tbody[1]/tr/td[3]]
Session ID: 79345c0d04366e24b2fd79d5a8982972
	at org.openqa.selenium.remote.codec.w3c.W3CHttpResponseCodec.createException(W3CHttpResponseCodec.java:200)
	at org.openqa.selenium.remote.codec.w3c.W3CHttpResponseCodec.decode(W3CHttpResponseCodec.java:133)
	at org.openqa.selenium.remote.codec.w3c.W3CHttpResponseCodec.decode(W3CHttpResponseCodec.java:53)
	at org.openqa.selenium.remote.HttpCommandExecutor.execute(HttpCommandExecutor.java:184)
	at org.openqa.selenium.remote.service.DriverCommandExecutor.invokeExecute(DriverCommandExecutor.java:167)
	at org.openqa.selenium.remote.service.DriverCommandExecutor.execute(DriverCommandExecutor.java:142)
	at org.openqa.selenium.remote.RemoteWebDriver.execute(RemoteWebDriver.java:543)
	at org.openqa.selenium.remote.RemoteWebElement.execute(RemoteWebElement.java:257)
	at org.openqa.selenium.remote.RemoteWebElement.click(RemoteWebElement.java:78)
	at pageObjects.PolicyInformationPage.fetchData(PolicyInformationPage.java:55)
	at testCases.Tc001_Login_Verify.verifyPolicyInformationPageLaunch(Tc001_Login_Verify.java:216)
	at java.base/java.util.ArrayList.forEach(ArrayList.java:1511)
... Removed 36 stack frames</pre></div><a href='#' onClick='toggleBox("stack-trace1814361629", this, "Click to show all stack frames", "Click to hide stack frames")'>Click to show all stack frames</a>
<div class='stack-trace' id='stack-trace1814361629'><pre>org.openqa.selenium.ElementClickInterceptedException: element click intercepted: Element &lt;td class=&quot;&quot; role=&quot;gridcell&quot;&gt;...&lt;/td&gt; is not clickable at point (191, 687). Other element would receive the click: &lt;div id=&quot;gridName&quot; name=&quot;gridName&quot; data-role=&quot;grid&quot; class=&quot;k-grid k-widget k-display-block&quot;&gt;...&lt;/div&gt;
  (Session info: chrome=111.0.5563.66)
Build info: version: &apos;4.8.0&apos;, revision: &apos;267030adea&apos;
System info: os.name: &apos;Windows 11&apos;, os.arch: &apos;amd64&apos;, os.version: &apos;10.0&apos;, java.version: &apos;17.0.6&apos;
Driver info: org.openqa.selenium.chrome.ChromeDriver
Command: [79345c0d04366e24b2fd79d5a8982972, clickElement {id=534d85c7-e91b-4def-a2de-2aaea6ec2663}]
Capabilities {acceptInsecureCerts: false, browserName: chrome, browserVersion: 111.0.5563.66, chrome: {chromedriverVersion: 111.0.5563.64 (c710e93d5b63..., userDataDir: C:\Users\prowe\AppData\Loca...}, goog:chromeOptions: {debuggerAddress: localhost:52308}, networkConnectionEnabled: false, pageLoadStrategy: normal, platformName: WINDOWS, proxy: Proxy(), se:cdp: ws://localhost:52308/devtoo..., se:cdpVersion: 111.0.5563.66, setWindowRect: true, strictFileInteractability: false, timeouts: {implicit: 0, pageLoad: 300000, script: 30000}, unhandledPromptBehavior: dismiss and notify, webauthn:extension:credBlob: true, webauthn:extension:largeBlob: true, webauthn:extension:minPinLength: true, webauthn:extension:prf: true, webauthn:virtualAuthenticators: true}
Element: [[ChromeDriver: chrome on WINDOWS (79345c0d04366e24b2fd79d5a8982972)] -&gt; xpath: //div[@id=&apos;gridName&apos;]/table/tbody[1]/tr/td[3]]
Session ID: 79345c0d04366e24b2fd79d5a8982972
	at java.base/jdk.internal.reflect.NativeConstructorAccessorImpl.newInstance0(Native Method)
	at java.base/jdk.internal.reflect.NativeConstructorAccessorImpl.newInstance(NativeConstructorAccessorImpl.java:77)
	at java.base/jdk.internal.reflect.DelegatingConstructorAccessorImpl.newInstance(DelegatingConstructorAccessorImpl.java:45)
	at java.base/java.lang.reflect.Constructor.newInstanceWithCaller(Constructor.java:499)
	at java.base/java.lang.reflect.Constructor.newInstance(Constructor.java:480)
	at org.openqa.selenium.remote.codec.w3c.W3CHttpResponseCodec.createException(W3CHttpResponseCodec.java:200)
	at org.openqa.selenium.remote.codec.w3c.W3CHttpResponseCodec.decode(W3CHttpResponseCodec.java:133)
	at org.openqa.selenium.remote.codec.w3c.W3CHttpResponseCodec.decode(W3CHttpResponseCodec.java:53)
	at org.openqa.selenium.remote.HttpCommandExecutor.execute(HttpCommandExecutor.java:184)
	at org.openqa.selenium.remote.service.DriverCommandExecutor.invokeExecute(DriverCommandExecutor.java:167)
	at org.openqa.selenium.remote.service.DriverCommandExecutor.execute(DriverCommandExecutor.java:142)
	at org.openqa.selenium.remote.RemoteWebDriver.execute(RemoteWebDriver.java:543)
	at org.openqa.selenium.remote.RemoteWebElement.execute(RemoteWebElement.java:257)
	at org.openqa.selenium.remote.RemoteWebElement.click(RemoteWebElement.java:78)
	at pageObjects.PolicyInformationPage.fetchData(PolicyInformationPage.java:55)
	at testCases.Tc001_Login_Verify.verifyPolicyInformationPageLaunch(Tc001_Login_Verify.java:216)
	at java.base/jdk.internal.reflect.NativeMethodAccessorImpl.invoke0(Native Method)
	at java.base/jdk.internal.reflect.NativeMethodAccessorImpl.invoke(NativeMethodAccessorImpl.java:77)
	at java.base/jdk.internal.reflect.DelegatingMethodAccessorImpl.invoke(DelegatingMethodAccessorImpl.java:43)
	at java.base/java.lang.reflect.Method.invoke(Method.java:568)
	at org.testng.internal.invokers.MethodInvocationHelper.invokeMethod(MethodInvocationHelper.java:139)
	at org.testng.internal.invokers.TestInvoker.invokeMethod(TestInvoker.java:677)
	at org.testng.internal.invokers.TestInvoker.invokeTestMethod(TestInvoker.java:221)
	at org.testng.internal.invokers.MethodRunner.runInSequence(MethodRunner.java:50)
	at org.testng.internal.invokers.TestInvoker$MethodInvocationAgent.invoke(TestInvoker.java:969)
	at org.testng.internal.invokers.TestInvoker.invokeTestMethods(TestInvoker.java:194)
	at org.testng.internal.invokers.TestMethodWorker.invokeTestMethods(TestMethodWorker.java:148)
	at org.testng.internal.invokers.TestMethodWorker.run(TestMethodWorker.java:128)
	at java.base/java.util.ArrayList.forEach(ArrayList.java:1511)
	at org.testng.TestRunner.privateRun(TestRunner.java:829)
	at org.testng.TestRunner.run(TestRunner.java:602)
	at org.testng.SuiteRunner.runTest(SuiteRunner.java:437)
	at org.testng.SuiteRunner.runSequentially(SuiteRunner.java:431)
	at org.testng.SuiteRunner.privateRun(SuiteRunner.java:391)
	at org.testng.SuiteRunner.run(SuiteRunner.java:330)
	at org.testng.SuiteRunnerWorker.runSuite(SuiteRunnerWorker.java:52)
	at org.testng.SuiteRunnerWorker.run(SuiteRunnerWorker.java:95)
	at org.testng.TestNG.runSuitesSequentially(TestNG.java:1256)
	at org.testng.TestNG.runSuitesLocally(TestNG.java:1176)
	at org.testng.TestNG.runSuites(TestNG.java:1099)
	at org.testng.TestNG.run(TestNG.java:1067)
	at org.apache.maven.surefire.testng.TestNGExecutor.run(TestNGExecutor.java:308)
	at org.apache.maven.surefire.testng.TestNGXmlTestSuite.execute(TestNGXmlTestSuite.java:71)
	at org.apache.maven.surefire.testng.TestNGProvider.invoke(TestNGProvider.java:113)
	at org.apache.maven.surefire.booter.ForkedBooter.runSuitesInProcess(ForkedBooter.java:385)
	at org.apache.maven.surefire.booter.ForkedBooter.execute(ForkedBooter.java:162)
	at org.apache.maven.surefire.booter.ForkedBooter.run(ForkedBooter.java:507)
	at org.apache.maven.surefire.booter.ForkedBooter.main(ForkedBooter.java:495)
</pre></div></td>
<td>21</td>
<td>testCases.Tc001_Login_Verify@87a85e1</td></tr>
</table><p>
<table width='100%' border='1' class='invocation-passed'>
<tr><td colspan='4' align='center'><b>PASSED TESTS</b></td></tr>
<tr><td><b>Test method</b></td>
<td><b>Attribute(s)</b></td>
<td width="30%"><b>Exception</b></td>
<td width="10%"><b>Time (seconds)</b></td>
<td><b>Instance</b></td>
</tr>
<tr>
<td title='testCases.Tc001_Login_Verify.verifyQuoteManagePage()'><b>verifyQuoteManagePage</b><br>Test class: testCases.Tc001_Login_Verify</td>
<td></td>
<td>4</td>
<td>testCases.Tc001_Login_Verify@87a85e1</td></tr>
<tr>
<td title='testCases.Tc001_Login_Verify.verifyAccountPageIcon()'><b>verifyAccountPageIcon</b><br>Test class: testCases.Tc001_Login_Verify</td>
<td></td>
<td>2</td>
<td>testCases.Tc001_Login_Verify@87a85e1</td></tr>
<tr>
<td title='testCases.Tc001_Login_Verify.verifyPolicySamplePageDownLoad()'><b>verifyPolicySamplePageDownLoad</b><br>Test class: testCases.Tc001_Login_Verify</td>
<td></td>
<td>21</td>
<td>testCases.Tc001_Login_Verify@87a85e1</td></tr>
<tr>
<td title='testCases.Tc001_Login_Verify.verifyProductListOnAddQuotePage()'><b>verifyProductListOnAddQuotePage</b><br>Test class: testCases.Tc001_Login_Verify</td>
<td></td>
<td>5</td>
<td>testCases.Tc001_Login_Verify@87a85e1</td></tr>
<tr>
<td title='testCases.Tc001_Login_Verify.verifyGraphMessages()'><b>verifyGraphMessages</b><br>Test class: testCases.Tc001_Login_Verify</td>
<td></td>
<td>0</td>
<td>testCases.Tc001_Login_Verify@87a85e1</td></tr>
<tr>
<td title='testCases.Tc001_Login_Verify.verifyAddQuotePageLaunch()'><b>verifyAddQuotePageLaunch</b><br>Test class: testCases.Tc001_Login_Verify</td>
<td></td>
<td>1</td>
<td>testCases.Tc001_Login_Verify@87a85e1</td></tr>
<tr>
<td title='testCases.Tc001_Login_Verify.verifyLetterTemplatePageEditFun()'><b>verifyLetterTemplatePageEditFun</b><br>Test class: testCases.Tc001_Login_Verify</td>
<td></td>
<td>8</td>
<td>testCases.Tc001_Login_Verify@87a85e1</td></tr>
<tr>
<td title='testCases.Tc001_Login_Verify.verifyRole()'><b>verifyRole</b><br>Test class: testCases.Tc001_Login_Verify</td>
<td></td>
<td>0</td>
<td>testCases.Tc001_Login_Verify@87a85e1</td></tr>
<tr>
<td title='testCases.Tc001_Login_Verify.verifyQuotePageData()'><b>verifyQuotePageData</b><br>Test class: testCases.Tc001_Login_Verify</td>
<td></td>
<td>12</td>
<td>testCases.Tc001_Login_Verify@87a85e1</td></tr>
<tr>
<td title='testCases.Tc001_Login_Verify.verifyAddClaimPageDropDown()'><b>verifyAddClaimPageDropDown</b><br>Test class: testCases.Tc001_Login_Verify</td>
<td></td>
<td>9</td>
<td>testCases.Tc001_Login_Verify@87a85e1</td></tr>
<tr>
<td title='testCases.Tc001_Login_Verify.verifyLetterTemplatePage()'><b>verifyLetterTemplatePage</b><br>Test class: testCases.Tc001_Login_Verify</td>
<td></td>
<td>4</td>
<td>testCases.Tc001_Login_Verify@87a85e1</td></tr>
<tr>
<td title='testCases.Tc001_Login_Verify.verifyLogin()'><b>verifyLogin</b><br>Test class: testCases.Tc001_Login_Verify</td>
<td></td>
<td>2</td>
<td>testCases.Tc001_Login_Verify@87a85e1</td></tr>
<tr>
<td title='testCases.Tc001_Login_Verify.verifyMicroChipPageData()'><b>verifyMicroChipPageData</b><br>Test class: testCases.Tc001_Login_Verify</td>
<td></td>
<td>3</td>
<td>testCases.Tc001_Login_Verify@87a85e1</td></tr>
<tr>
<td title='testCases.Tc001_Login_Verify.verifyLogOut()'><b>verifyLogOut</b><br>Test class: testCases.Tc001_Login_Verify</td>
<td></td>
<td>2</td>
<td>testCases.Tc001_Login_Verify@87a85e1</td></tr>
<tr>
<td title='testCases.Tc001_Login_Verify.verifyClientManagePage()'><b>verifyClientManagePage</b><br>Test class: testCases.Tc001_Login_Verify</td>
<td></td>
<td>2</td>
<td>testCases.Tc001_Login_Verify@87a85e1</td></tr>
<tr>
<td title='testCases.Tc001_Login_Verify.verifyAddTaskPageDetails()'><b>verifyAddTaskPageDetails</b><br>Test class: testCases.Tc001_Login_Verify</td>
<td></td>
<td>7</td>
<td>testCases.Tc001_Login_Verify@87a85e1</td></tr>
<tr>
<td title='testCases.Tc001_Login_Verify.verifyPolicyPage()'><b>verifyPolicyPage</b><br>Test class: testCases.Tc001_Login_Verify</td>
<td></td>
<td>7</td>
<td>testCases.Tc001_Login_Verify@87a85e1</td></tr>
<tr>
<td title='testCases.Tc001_Login_Verify.verifyDateFormatOnQuotePage()'><b>verifyDateFormatOnQuotePage</b><br>Test class: testCases.Tc001_Login_Verify</td>
<td></td>
<td>1</td>
<td>testCases.Tc001_Login_Verify@87a85e1</td></tr>
<tr>
<td title='testCases.Tc001_Login_Verify.verifyManageTaskDashBoard()'><b>verifyManageTaskDashBoard</b><br>Test class: testCases.Tc001_Login_Verify</td>
<td></td>
<td>2</td>
<td>testCases.Tc001_Login_Verify@87a85e1</td></tr>
<tr>
<td title='testCases.Tc001_Login_Verify.verifyManageClaimDateAndPondSymbol()'><b>verifyManageClaimDateAndPondSymbol</b><br>Test class: testCases.Tc001_Login_Verify</td>
<td></td>
<td>10</td>
<td>testCases.Tc001_Login_Verify@87a85e1</td></tr>
<tr>
<td title='testCases.Tc001_Login_Verify.verifyItemsOnDashboard()'><b>verifyItemsOnDashboard</b><br>Test class: testCases.Tc001_Login_Verify</td>
<td></td>
<td>0</td>
<td>testCases.Tc001_Login_Verify@87a85e1</td></tr>
<tr>
<td title='testCases.Tc001_Login_Verify.verifyPolicyPageDateFormat()'><b>verifyPolicyPageDateFormat</b><br>Test class: testCases.Tc001_Login_Verify</td>
<td></td>
<td>5</td>
<td>testCases.Tc001_Login_Verify@87a85e1</td></tr>
<tr>
<td title='testCases.Tc001_Login_Verify.verifyApprovalClaimDashBoardDetails()'><b>verifyApprovalClaimDashBoardDetails</b><br>Test class: testCases.Tc001_Login_Verify</td>
<td></td>
<td>3</td>
<td>testCases.Tc001_Login_Verify@87a85e1</td></tr>
<tr>
<td title='testCases.Tc001_Login_Verify.verifyQuotePagePremiumPoundSign()'><b>verifyQuotePagePremiumPoundSign</b><br>Test class: testCases.Tc001_Login_Verify</td>
<td></td>
<td>9</td>
<td>testCases.Tc001_Login_Verify@87a85e1</td></tr>
<tr>
<td title='testCases.Tc001_Login_Verify.verifyClaimPageInformation()'><b>verifyClaimPageInformation</b><br>Test class: testCases.Tc001_Login_Verify</td>
<td></td>
<td>20</td>
<td>testCases.Tc001_Login_Verify@87a85e1</td></tr>
</table><p>
</body>
</html>