<?xml version="1.0" encoding="UTF-8"?>
<!-- Generated by org.testng.reporters.JUnitXMLReporter -->
<testsuite ignored="0" hostname="PROWERSE-014" failures="1" tests="26" name="Chrome Test" time="186.001" errors="0" timestamp="2023-03-23T11:24:39 IST">
  <testcase classname="testCases.Tc001_Login_Verify" name="verifyLogin" time="2.887"/>
  <testcase classname="testCases.Tc001_Login_Verify" name="verifyRole" time="0.022"/>
  <testcase classname="testCases.Tc001_Login_Verify" name="verifyItemsOnDashboard" time="0.258"/>
  <testcase classname="testCases.Tc001_Login_Verify" name="verifyGraphMessages" time="0.146"/>
  <testcase classname="testCases.Tc001_Login_Verify" name="verifyClientManagePage" time="2.147"/>
  <testcase classname="testCases.Tc001_Login_Verify" name="verifyQuoteManagePage" time="4.033"/>
  <testcase classname="testCases.Tc001_Login_Verify" name="verifyDateFormatOnQuotePage" time="1.309"/>
  <testcase classname="testCases.Tc001_Login_Verify" name="verifyAddQuotePageLaunch" time="1.911"/>
  <testcase classname="testCases.Tc001_Login_Verify" name="verifyProductListOnAddQuotePage" time="5.847"/>
  <testcase classname="testCases.Tc001_Login_Verify" name="verifyPolicyPage" time="7.548"/>
  <testcase classname="testCases.Tc001_Login_Verify" name="verifyPolicyPageDateFormat" time="5.243"/>
  <testcase classname="testCases.Tc001_Login_Verify" name="verifyPolicyInformationPageLaunch" time="21.505">
    <failure type="org.openqa.selenium.ElementClickInterceptedException" message="element click intercepted: Element &amp;lt;td class=&amp;quot;&amp;quot; role=&amp;quot;gridcell&amp;quot;&amp;gt;...&amp;lt;/td&amp;gt; is not clickable at point (191, 687). Other element would receive the click: &amp;lt;div id=&amp;quot;gridName&amp;quot; name=&amp;quot;gridName&amp;quot; data-role=&amp;quot;grid&amp;quot; class=&amp;quot;k-grid k-widget k-display-block&amp;quot;&amp;gt;...&amp;lt;/div&amp;gt;
  (Session info: chrome=111.0.5563.66)
Build info: version: &amp;apos;4.8.0&amp;apos;, revision: &amp;apos;267030adea&amp;apos;
System info: os.name: &amp;apos;Windows 11&amp;apos;, os.arch: &amp;apos;amd64&amp;apos;, os.version: &amp;apos;10.0&amp;apos;, java.version: &amp;apos;17.0.6&amp;apos;
Driver info: org.openqa.selenium.chrome.ChromeDriver
Command: [79345c0d04366e24b2fd79d5a8982972, clickElement {id=534d85c7-e91b-4def-a2de-2aaea6ec2663}]
Capabilities {acceptInsecureCerts: false, browserName: chrome, browserVersion: 111.0.5563.66, chrome: {chromedriverVersion: 111.0.5563.64 (c710e93d5b63..., userDataDir: C:\Users\prowe\AppData\Loca...}, goog:chromeOptions: {debuggerAddress: localhost:52308}, networkConnectionEnabled: false, pageLoadStrategy: normal, platformName: WINDOWS, proxy: Proxy(), se:cdp: ws://localhost:52308/devtoo..., se:cdpVersion: 111.0.5563.66, setWindowRect: true, strictFileInteractability: false, timeouts: {implicit: 0, pageLoad: 300000, script: 30000}, unhandledPromptBehavior: dismiss and notify, webauthn:extension:credBlob: true, webauthn:extension:largeBlob: true, webauthn:extension:minPinLength: true, webauthn:extension:prf: true, webauthn:virtualAuthenticators: true}
Element: [[ChromeDriver: chrome on WINDOWS (79345c0d04366e24b2fd79d5a8982972)] -&amp;gt; xpath: //div[@id=&amp;apos;gridName&amp;apos;]/table/tbody[1]/tr/td[3]]
Session ID: 79345c0d04366e24b2fd79d5a8982972">
      <![CDATA[org.openqa.selenium.ElementClickInterceptedException: element click intercepted: Element <td class="" role="gridcell">...</td> is not clickable at point (191, 687). Other element would receive the click: <div id="gridName" name="gridName" data-role="grid" class="k-grid k-widget k-display-block">...</div>
  (Session info: chrome=111.0.5563.66)
Build info: version: '4.8.0', revision: '267030adea'
System info: os.name: 'Windows 11', os.arch: 'amd64', os.version: '10.0', java.version: '17.0.6'
Driver info: org.openqa.selenium.chrome.ChromeDriver
Command: [79345c0d04366e24b2fd79d5a8982972, clickElement {id=534d85c7-e91b-4def-a2de-2aaea6ec2663}]
Capabilities {acceptInsecureCerts: false, browserName: chrome, browserVersion: 111.0.5563.66, chrome: {chromedriverVersion: 111.0.5563.64 (c710e93d5b63..., userDataDir: C:\Users\prowe\AppData\Loca...}, goog:chromeOptions: {debuggerAddress: localhost:52308}, networkConnectionEnabled: false, pageLoadStrategy: normal, platformName: WINDOWS, proxy: Proxy(), se:cdp: ws://localhost:52308/devtoo..., se:cdpVersion: 111.0.5563.66, setWindowRect: true, strictFileInteractability: false, timeouts: {implicit: 0, pageLoad: 300000, script: 30000}, unhandledPromptBehavior: dismiss and notify, webauthn:extension:credBlob: true, webauthn:extension:largeBlob: true, webauthn:extension:minPinLength: true, webauthn:extension:prf: true, webauthn:virtualAuthenticators: true}
Element: [[ChromeDriver: chrome on WINDOWS (79345c0d04366e24b2fd79d5a8982972)] -> xpath: //div[@id='gridName']/table/tbody[1]/tr/td[3]]
Session ID: 79345c0d04366e24b2fd79d5a8982972
at org.openqa.selenium.remote.codec.w3c.W3CHttpResponseCodec.createException(W3CHttpResponseCodec.java:200)
at org.openqa.selenium.remote.codec.w3c.W3CHttpResponseCodec.decode(W3CHttpResponseCodec.java:133)
at org.openqa.selenium.remote.codec.w3c.W3CHttpResponseCodec.decode(W3CHttpResponseCodec.java:53)
at org.openqa.selenium.remote.HttpCommandExecutor.execute(HttpCommandExecutor.java:184)
at org.openqa.selenium.remote.service.DriverCommandExecutor.invokeExecute(DriverCommandExecutor.java:167)
at org.openqa.selenium.remote.service.DriverCommandExecutor.execute(DriverCommandExecutor.java:142)
at org.openqa.selenium.remote.RemoteWebDriver.execute(RemoteWebDriver.java:543)
at org.openqa.selenium.remote.RemoteWebElement.execute(RemoteWebElement.java:257)
at org.openqa.selenium.remote.RemoteWebElement.click(RemoteWebElement.java:78)
at pageObjects.PolicyInformationPage.fetchData(PolicyInformationPage.java:55)
at testCases.Tc001_Login_Verify.verifyPolicyInformationPageLaunch(Tc001_Login_Verify.java:216)
at java.base/java.util.ArrayList.forEach(ArrayList.java:1511)
... Removed 36 stack frames]]>
    </failure>
  </testcase> <!-- verifyPolicyInformationPageLaunch -->
  <testcase classname="testCases.Tc001_Login_Verify" name="verifyPolicySamplePageDownLoad" time="21.953"/>
  <testcase classname="testCases.Tc001_Login_Verify" name="verifyManageClaimDateAndPondSymbol" time="10.961"/>
  <testcase classname="testCases.Tc001_Login_Verify" name="verifyClaimPageInformation" time="20.337"/>
  <testcase classname="testCases.Tc001_Login_Verify" name="verifyApprovalClaimDashBoardDetails" time="3.823"/>
  <testcase classname="testCases.Tc001_Login_Verify" name="verifyManageTaskDashBoard" time="2.839"/>
  <testcase classname="testCases.Tc001_Login_Verify" name="verifyAddTaskPageDetails" time="7.006"/>
  <testcase classname="testCases.Tc001_Login_Verify" name="verifyQuotePageData" time="12.759"/>
  <testcase classname="testCases.Tc001_Login_Verify" name="verifyMicroChipPageData" time="3.114"/>
  <testcase classname="testCases.Tc001_Login_Verify" name="verifyQuotePagePremiumPoundSign" time="9.966"/>
  <testcase classname="testCases.Tc001_Login_Verify" name="verifyLetterTemplatePage" time="4.565"/>
  <testcase classname="testCases.Tc001_Login_Verify" name="verifyLetterTemplatePageEditFun" time="8.07"/>
  <testcase classname="testCases.Tc001_Login_Verify" name="verifyAccountPageIcon" time="2.946"/>
  <testcase classname="testCases.Tc001_Login_Verify" name="verifyAddClaimPageDropDown" time="9.936"/>
  <testcase classname="testCases.Tc001_Login_Verify" name="verifyLogOut" time="2.708"/>
</testsuite> <!-- Chrome Test -->
